<?xml version="1.0" encoding="UTF-8"?>
<!-- Generated by org.testng.reporters.JUnitReportReporter -->
<testsuite skipped="0" hostname="sto" name="selenium.demo.baiduSettingsTest" tests="1" failures="0" timestamp="10 七月 2018 08:16:55 GMT" time="15.482" errors="0">
  <testcase name="settingsTest" time="15.482" classname="selenium.demo.baiduSettingsTest"/>
</testsuite> <!-- selenium.demo.baiduSettingsTest -->
